2022-07-28T13:30:52+00:00 CRITICAL Uncaught Error: Call to a member function is_registration_enabled() on null in /opt/lampp/htdocs/test/wp-content/themes/twentytwentytwo/functions.php:165
Stack trace:
#0 /opt/lampp/htdocs/test/wp-settings.php(555): include()
#1 /opt/lampp/htdocs/test/wp-config.php(97): require_once('/opt/lampp/htdo...')
#2 /opt/lampp/htdocs/test/wp-load.php(50): require_once('/opt/lampp/htdo...')
#3 /opt/lampp/htdocs/test/wp-admin/admin-ajax.php(22): require_once('/opt/lampp/htdo...')
#4 {main}
  thrown in /opt/lampp/htdocs/test/wp-content/themes/twentytwentytwo/functions.php on line 165

2022-07-28T13:31:11+00:00 CRITICAL Uncaught Error: Call to a member function is_registration_enabled() on null in /opt/lampp/htdocs/test/wp-content/themes/twentytwentytwo/functions.php:165
Stack trace:
#0 /opt/lampp/htdocs/test/wp-settings.php(555): include()
#1 /opt/lampp/htdocs/test/wp-config.php(97): require_once('/opt/lampp/htdo...')
#2 /opt/lampp/htdocs/test/wp-load.php(50): require_once('/opt/lampp/htdo...')
#3 /opt/lampp/htdocs/test/wp-blog-header.php(13): require_once('/opt/lampp/htdo...')
#4 /opt/lampp/htdocs/test/index.php(17): require('/opt/lampp/htdo...')
#5 {main}
  thrown in /opt/lampp/htdocs/test/wp-content/themes/twentytwentytwo/functions.php on line 165

2022-07-28T13:31:49+00:00 CRITICAL Uncaught Error: Call to a member function is_registration_enabled() on null in /opt/lampp/htdocs/test/wp-content/themes/twentytwentytwo/functions.php:165
Stack trace:
#0 /opt/lampp/htdocs/test/wp-settings.php(555): include()
#1 /opt/lampp/htdocs/test/wp-config.php(97): require_once('/opt/lampp/htdo...')
#2 /opt/lampp/htdocs/test/wp-load.php(50): require_once('/opt/lampp/htdo...')
#3 /opt/lampp/htdocs/test/wp-admin/admin-ajax.php(22): require_once('/opt/lampp/htdo...')
#4 {main}
  thrown in /opt/lampp/htdocs/test/wp-content/themes/twentytwentytwo/functions.php on line 165

2022-07-28T13:32:17+00:00 CRITICAL Uncaught Error: Call to a member function is_registration_enabled() on null in /opt/lampp/htdocs/test/wp-content/themes/twentytwentytwo/functions.php:165
Stack trace:
#0 /opt/lampp/htdocs/test/wp-settings.php(555): include()
#1 /opt/lampp/htdocs/test/wp-config.php(97): require_once('/opt/lampp/htdo...')
#2 /opt/lampp/htdocs/test/wp-load.php(50): require_once('/opt/lampp/htdo...')
#3 /opt/lampp/htdocs/test/wp-blog-header.php(13): require_once('/opt/lampp/htdo...')
#4 /opt/lampp/htdocs/test/index.php(17): require('/opt/lampp/htdo...')
#5 {main}
  thrown in /opt/lampp/htdocs/test/wp-content/themes/twentytwentytwo/functions.php on line 165

2022-07-28T13:32:52+00:00 CRITICAL Uncaught Error: Call to a member function get_checkout_fields() on null in /opt/lampp/htdocs/test/wp-content/themes/twentytwentytwo/functions.php:352
Stack trace:
#0 /opt/lampp/htdocs/test/wp-settings.php(555): include()
#1 /opt/lampp/htdocs/test/wp-config.php(97): require_once('/opt/lampp/htdo...')
#2 /opt/lampp/htdocs/test/wp-load.php(50): require_once('/opt/lampp/htdo...')
#3 /opt/lampp/htdocs/test/wp-blog-header.php(13): require_once('/opt/lampp/htdo...')
#4 /opt/lampp/htdocs/test/index.php(17): require('/opt/lampp/htdo...')
#5 {main}
  thrown in /opt/lampp/htdocs/test/wp-content/themes/twentytwentytwo/functions.php on line 352

2022-07-28T13:32:53+00:00 CRITICAL Uncaught Error: Call to a member function get_checkout_fields() on null in /opt/lampp/htdocs/test/wp-content/themes/twentytwentytwo/functions.php:352
Stack trace:
#0 /opt/lampp/htdocs/test/wp-settings.php(555): include()
#1 /opt/lampp/htdocs/test/wp-config.php(97): require_once('/opt/lampp/htdo...')
#2 /opt/lampp/htdocs/test/wp-load.php(50): require_once('/opt/lampp/htdo...')
#3 /opt/lampp/htdocs/test/wp-admin/admin-ajax.php(22): require_once('/opt/lampp/htdo...')
#4 {main}
  thrown in /opt/lampp/htdocs/test/wp-content/themes/twentytwentytwo/functions.php on line 352

2022-07-28T13:33:50+00:00 CRITICAL Uncaught Error: Call to a member function get_checkout_fields() on null in /opt/lampp/htdocs/test/wp-content/themes/twentytwentytwo/functions.php:352
Stack trace:
#0 /opt/lampp/htdocs/test/wp-settings.php(555): include()
#1 /opt/lampp/htdocs/test/wp-config.php(97): require_once('/opt/lampp/htdo...')
#2 /opt/lampp/htdocs/test/wp-load.php(50): require_once('/opt/lampp/htdo...')
#3 /opt/lampp/htdocs/test/wp-admin/admin-ajax.php(22): require_once('/opt/lampp/htdo...')
#4 {main}
  thrown in /opt/lampp/htdocs/test/wp-content/themes/twentytwentytwo/functions.php on line 352

2022-07-28T13:35:12+00:00 CRITICAL Uncaught Error: Call to undefined function wc_print_notices() in /opt/lampp/htdocs/test/wp-content/themes/twentytwentytwo/functions.php:153
Stack trace:
#0 /opt/lampp/htdocs/test/wp-settings.php(555): include()
#1 /opt/lampp/htdocs/test/wp-config.php(97): require_once('/opt/lampp/htdo...')
#2 /opt/lampp/htdocs/test/wp-load.php(50): require_once('/opt/lampp/htdo...')
#3 /opt/lampp/htdocs/test/wp-cron.php(44): require_once('/opt/lampp/htdo...')
#4 {main}
  thrown in /opt/lampp/htdocs/test/wp-content/themes/twentytwentytwo/functions.php on line 153

2022-07-28T13:36:13+00:00 CRITICAL Uncaught Error: Call to undefined function wc_print_notices() in /opt/lampp/htdocs/test/wp-content/themes/twentytwentytwo/functions.php:153
Stack trace:
#0 /opt/lampp/htdocs/test/wp-settings.php(555): include()
#1 /opt/lampp/htdocs/test/wp-config.php(97): require_once('/opt/lampp/htdo...')
#2 /opt/lampp/htdocs/test/wp-load.php(50): require_once('/opt/lampp/htdo...')
#3 /opt/lampp/htdocs/test/wp-cron.php(44): require_once('/opt/lampp/htdo...')
#4 {main}
  thrown in /opt/lampp/htdocs/test/wp-content/themes/twentytwentytwo/functions.php on line 153

2022-07-28T13:37:52+00:00 CRITICAL Uncaught Error: Call to undefined function wc_print_notices() in /opt/lampp/htdocs/test/wp-content/themes/twentytwentytwo/functions.php:153
Stack trace:
#0 /opt/lampp/htdocs/test/wp-settings.php(555): include()
#1 /opt/lampp/htdocs/test/wp-config.php(97): require_once('/opt/lampp/htdo...')
#2 /opt/lampp/htdocs/test/wp-load.php(50): require_once('/opt/lampp/htdo...')
#3 /opt/lampp/htdocs/test/wp-cron.php(44): require_once('/opt/lampp/htdo...')
#4 {main}
  thrown in /opt/lampp/htdocs/test/wp-content/themes/twentytwentytwo/functions.php on line 153

2022-07-28T13:39:53+00:00 CRITICAL Uncaught Error: Call to undefined function wc_print_notices() in /opt/lampp/htdocs/test/wp-content/themes/twentytwentytwo/functions.php:153
Stack trace:
#0 /opt/lampp/htdocs/test/wp-settings.php(555): include()
#1 /opt/lampp/htdocs/test/wp-config.php(97): require_once('/opt/lampp/htdo...')
#2 /opt/lampp/htdocs/test/wp-load.php(50): require_once('/opt/lampp/htdo...')
#3 /opt/lampp/htdocs/test/wp-cron.php(44): require_once('/opt/lampp/htdo...')
#4 {main}
  thrown in /opt/lampp/htdocs/test/wp-content/themes/twentytwentytwo/functions.php on line 153

2022-07-28T13:41:54+00:00 CRITICAL Uncaught Error: Call to undefined function wc_print_notices() in /opt/lampp/htdocs/test/wp-content/themes/twentytwentytwo/functions.php:153
Stack trace:
#0 /opt/lampp/htdocs/test/wp-settings.php(555): include()
#1 /opt/lampp/htdocs/test/wp-config.php(97): require_once('/opt/lampp/htdo...')
#2 /opt/lampp/htdocs/test/wp-load.php(50): require_once('/opt/lampp/htdo...')
#3 /opt/lampp/htdocs/test/wp-cron.php(44): require_once('/opt/lampp/htdo...')
#4 {main}
  thrown in /opt/lampp/htdocs/test/wp-content/themes/twentytwentytwo/functions.php on line 153

